фев 10, 2015 4:54:56 PM com.luxoft.bankapp.server.ServerThread run
FINEST:  client> 2
фев 10, 2015 4:54:56 PM com.luxoft.bankapp.dao.AccountDAOImpl getClientAccounts
INFO: Client with ID 5 accounts  got from DB
фев 10, 2015 4:54:56 PM com.luxoft.bankapp.dao.AccountDAOImpl getClientAccounts
INFO: Client with ID 5 accounts  got from DB
фев 10, 2015 4:54:56 PM com.luxoft.bankapp.dao.AccountDAOImpl getAccountById
INFO: Account with ID 5 got from DB
фев 10, 2015 4:54:56 PM com.luxoft.bankapp.dao.AccountDAOImpl save
INFO: Account  5 saved 
фев 10, 2015 4:54:56 PM com.luxoft.bankapp.server.ServerThread sendMessage
FINEST:  server>bye
фев 10, 2015 4:54:56 PM com.luxoft.bankapp.server.ServerThread run
INFO:  Client working time : 15
фев 10, 2015 4:54:56 PM com.luxoft.bankapp.server.ServerThread run
INFO:  Client disconnect. 
фев 10, 2015 4:54:56 PM com.luxoft.bankapp.server.BankServerThreaded serve
INFO: Waiting for connection
фев 10, 2015 4:54:56 PM com.luxoft.bankapp.dao.BankDAOImpl getBankByName
INFO: Bank  was foundBank{id=1, name='My Bank'}
фев 10, 2015 4:54:56 PM com.luxoft.bankapp.server.ServerThread run
INFO: Connection received from Client 127.0.0.1
фев 10, 2015 4:54:56 PM com.luxoft.bankapp.server.ServerThread sendMessage
FINEST:  server>Input current client name: 
фев 10, 2015 4:54:56 PM com.luxoft.bankapp.server.ServerThread run
FINEST: client name: Иван Иванов
фев 10, 2015 4:54:56 PM com.luxoft.bankapp.dao.ClientDAOImpl findClientByName
INFO: Client found successful  ID 5 name: Mr.Иван Иванов email address :sfasf@df.com telephone : 234231 City: Dnepr Total balance: 90760.0 initial overdraft: 343411.0 Accounts: Checking Account{  ID 5 overdraft = 123214.0 Checking account Balance 90760.0}

фев 10, 2015 4:54:56 PM com.luxoft.bankapp.server.ServerThread sendMessage
FINEST:  server>You select ID 5 name: Mr.Иван Иванов email address :sfasf@df.com telephone : 234231 City: Dnepr Total balance: 90760.0 initial overdraft: 343411.0 Accounts: Checking Account{  ID 5 overdraft = 123214.0 Checking account Balance 90760.0}
Chose command you need: 
 to find client press => '0'
  to get Accounts and balances press => '1'
  to make Withdraw press => '2'
  to make Deposit press => '3'
  to make Transfer press => '4'
  to add Client press => '5'
  to remove Client press => '6'
 to exit  press => '7' or 'bye'
фев 10, 2015 4:54:56 PM com.luxoft.bankapp.server.ServerThread run
FINEST:  client> 2
фев 10, 2015 4:54:56 PM com.luxoft.bankapp.dao.AccountDAOImpl getClientAccounts
INFO: Client with ID 5 accounts  got from DB
фев 10, 2015 4:54:56 PM com.luxoft.bankapp.dao.AccountDAOImpl getClientAccounts
INFO: Client with ID 5 accounts  got from DB
фев 10, 2015 4:54:56 PM com.luxoft.bankapp.dao.AccountDAOImpl getAccountById
INFO: Account with ID 5 got from DB
фев 10, 2015 4:54:56 PM com.luxoft.bankapp.dao.AccountDAOImpl save
INFO: Account  5 saved 
фев 10, 2015 4:54:56 PM com.luxoft.bankapp.server.ServerThread sendMessage
FINEST:  server>bye
фев 10, 2015 4:54:56 PM com.luxoft.bankapp.server.ServerThread run
INFO:  Client working time : 12
фев 10, 2015 4:54:56 PM com.luxoft.bankapp.server.ServerThread run
INFO:  Client disconnect. 
фев 10, 2015 4:54:56 PM com.luxoft.bankapp.server.BankServerThreaded serve
INFO: Waiting for connection
фев 10, 2015 4:54:56 PM com.luxoft.bankapp.dao.BankDAOImpl getBankByName
INFO: Bank  was foundBank{id=1, name='My Bank'}
фев 10, 2015 4:54:56 PM com.luxoft.bankapp.server.ServerThread run
INFO: Connection received from Client 127.0.0.1
фев 10, 2015 4:54:56 PM com.luxoft.bankapp.server.ServerThread sendMessage
FINEST:  server>Input current client name: 
фев 10, 2015 4:54:56 PM com.luxoft.bankapp.server.ServerThread run
FINEST: client name: Иван Иванов
фев 10, 2015 4:54:56 PM com.luxoft.bankapp.dao.ClientDAOImpl findClientByName
INFO: Client found successful  ID 5 name: Mr.Иван Иванов email address :sfasf@df.com telephone : 234231 City: Dnepr Total balance: 90759.0 initial overdraft: 343411.0 Accounts: Checking Account{  ID 5 overdraft = 123214.0 Checking account Balance 90759.0}

фев 10, 2015 4:54:56 PM com.luxoft.bankapp.server.ServerThread sendMessage
FINEST:  server>You select ID 5 name: Mr.Иван Иванов email address :sfasf@df.com telephone : 234231 City: Dnepr Total balance: 90759.0 initial overdraft: 343411.0 Accounts: Checking Account{  ID 5 overdraft = 123214.0 Checking account Balance 90759.0}
Chose command you need: 
 to find client press => '0'
  to get Accounts and balances press => '1'
  to make Withdraw press => '2'
  to make Deposit press => '3'
  to make Transfer press => '4'
  to add Client press => '5'
  to remove Client press => '6'
 to exit  press => '7' or 'bye'
фев 10, 2015 4:54:56 PM com.luxoft.bankapp.server.ServerThread run
FINEST:  client> 2
фев 10, 2015 4:54:56 PM com.luxoft.bankapp.dao.AccountDAOImpl getClientAccounts
INFO: Client with ID 5 accounts  got from DB
фев 10, 2015 4:54:56 PM com.luxoft.bankapp.dao.AccountDAOImpl getClientAccounts
INFO: Client with ID 5 accounts  got from DB
фев 10, 2015 4:54:56 PM com.luxoft.bankapp.dao.AccountDAOImpl getAccountById
INFO: Account with ID 5 got from DB
фев 10, 2015 4:54:56 PM com.luxoft.bankapp.dao.AccountDAOImpl save
INFO: Account  5 saved 
фев 10, 2015 4:54:56 PM com.luxoft.bankapp.server.ServerThread sendMessage
FINEST:  server>bye
фев 10, 2015 4:54:56 PM com.luxoft.bankapp.server.ServerThread run
INFO:  Client working time : 12
фев 10, 2015 4:54:56 PM com.luxoft.bankapp.server.ServerThread run
INFO:  Client disconnect. 
фев 10, 2015 4:54:56 PM com.luxoft.bankapp.server.BankServerThreaded serve
INFO: Waiting for connection
фев 10, 2015 4:54:56 PM com.luxoft.bankapp.dao.BankDAOImpl getBankByName
INFO: Bank  was foundBank{id=1, name='My Bank'}
фев 10, 2015 4:54:56 PM com.luxoft.bankapp.server.ServerThread run
INFO: Connection received from Client 127.0.0.1
фев 10, 2015 4:54:56 PM com.luxoft.bankapp.server.ServerThread sendMessage
FINEST:  server>Input current client name: 
фев 10, 2015 4:54:56 PM com.luxoft.bankapp.server.ServerThread run
FINEST: client name: Иван Иванов
фев 10, 2015 4:54:56 PM com.luxoft.bankapp.dao.ClientDAOImpl findClientByName
INFO: Client found successful  ID 5 name: Mr.Иван Иванов email address :sfasf@df.com telephone : 234231 City: Dnepr Total balance: 90758.0 initial overdraft: 343411.0 Accounts: Checking Account{  ID 5 overdraft = 123214.0 Checking account Balance 90758.0}

фев 10, 2015 4:54:56 PM com.luxoft.bankapp.server.ServerThread sendMessage
FINEST:  server>You select ID 5 name: Mr.Иван Иванов email address :sfasf@df.com telephone : 234231 City: Dnepr Total balance: 90758.0 initial overdraft: 343411.0 Accounts: Checking Account{  ID 5 overdraft = 123214.0 Checking account Balance 90758.0}
Chose command you need: 
 to find client press => '0'
  to get Accounts and balances press => '1'
  to make Withdraw press => '2'
  to make Deposit press => '3'
  to make Transfer press => '4'
  to add Client press => '5'
  to remove Client press => '6'
 to exit  press => '7' or 'bye'
фев 10, 2015 4:54:56 PM com.luxoft.bankapp.server.ServerThread run
FINEST:  client> 2
фев 10, 2015 4:54:56 PM com.luxoft.bankapp.dao.AccountDAOImpl getClientAccounts
INFO: Client with ID 5 accounts  got from DB
фев 10, 2015 4:54:56 PM com.luxoft.bankapp.dao.AccountDAOImpl getClientAccounts
INFO: Client with ID 5 accounts  got from DB
фев 10, 2015 4:54:56 PM com.luxoft.bankapp.dao.AccountDAOImpl getAccountById
INFO: Account with ID 5 got from DB
фев 10, 2015 4:54:56 PM com.luxoft.bankapp.dao.AccountDAOImpl save
INFO: Account  5 saved 
фев 10, 2015 4:54:56 PM com.luxoft.bankapp.server.ServerThread sendMessage
FINEST:  server>bye
фев 10, 2015 4:54:56 PM com.luxoft.bankapp.server.ServerThread run
INFO:  Client working time : 12
фев 10, 2015 4:54:56 PM com.luxoft.bankapp.server.ServerThread run
INFO:  Client disconnect. 
фев 10, 2015 4:54:56 PM com.luxoft.bankapp.server.BankServerThreaded serve
INFO: Waiting for connection
фев 10, 2015 4:54:56 PM com.luxoft.bankapp.dao.BankDAOImpl getBankByName
INFO: Bank  was foundBank{id=1, name='My Bank'}
фев 10, 2015 4:54:56 PM com.luxoft.bankapp.server.ServerThread run
INFO: Connection received from Client 127.0.0.1
фев 10, 2015 4:54:56 PM com.luxoft.bankapp.server.ServerThread sendMessage
FINEST:  server>Input current client name: 
фев 10, 2015 4:54:56 PM com.luxoft.bankapp.server.ServerThread run
FINEST: client name: Иван Иванов
фев 10, 2015 4:54:56 PM com.luxoft.bankapp.dao.ClientDAOImpl findClientByName
INFO: Client found successful  ID 5 name: Mr.Иван Иванов email address :sfasf@df.com telephone : 234231 City: Dnepr Total balance: 90757.0 initial overdraft: 343411.0 Accounts: Checking Account{  ID 5 overdraft = 123214.0 Checking account Balance 90757.0}

фев 10, 2015 4:54:56 PM com.luxoft.bankapp.server.ServerThread sendMessage
FINEST:  server>You select ID 5 name: Mr.Иван Иванов email address :sfasf@df.com telephone : 234231 City: Dnepr Total balance: 90757.0 initial overdraft: 343411.0 Accounts: Checking Account{  ID 5 overdraft = 123214.0 Checking account Balance 90757.0}
Chose command you need: 
 to find client press => '0'
  to get Accounts and balances press => '1'
  to make Withdraw press => '2'
  to make Deposit press => '3'
  to make Transfer press => '4'
  to add Client press => '5'
  to remove Client press => '6'
 to exit  press => '7' or 'bye'
фев 10, 2015 4:54:56 PM com.luxoft.bankapp.server.ServerThread run
FINEST:  client> 2
фев 10, 2015 4:54:56 PM com.luxoft.bankapp.dao.AccountDAOImpl getClientAccounts
INFO: Client with ID 5 accounts  got from DB
фев 10, 2015 4:54:56 PM com.luxoft.bankapp.dao.AccountDAOImpl getClientAccounts
INFO: Client with ID 5 accounts  got from DB
фев 10, 2015 4:54:56 PM com.luxoft.bankapp.dao.AccountDAOImpl getAccountById
INFO: Account with ID 5 got from DB
фев 10, 2015 4:54:56 PM com.luxoft.bankapp.dao.AccountDAOImpl save
INFO: Account  5 saved 
фев 10, 2015 4:54:56 PM com.luxoft.bankapp.server.ServerThread sendMessage
FINEST:  server>bye
фев 10, 2015 4:54:56 PM com.luxoft.bankapp.server.ServerThread run
INFO:  Client working time : 11
фев 10, 2015 4:54:56 PM com.luxoft.bankapp.server.ServerThread run
INFO:  Client disconnect. 
фев 10, 2015 4:54:56 PM com.luxoft.bankapp.server.BankServerThreaded serve
INFO: Waiting for connection
фев 10, 2015 4:54:56 PM com.luxoft.bankapp.dao.BankDAOImpl getBankByName
INFO: Bank  was foundBank{id=1, name='My Bank'}
фев 10, 2015 4:54:56 PM com.luxoft.bankapp.server.ServerThread run
INFO: Connection received from Client 127.0.0.1
фев 10, 2015 4:54:56 PM com.luxoft.bankapp.server.ServerThread sendMessage
FINEST:  server>Input current client name: 
фев 10, 2015 4:54:56 PM com.luxoft.bankapp.server.ServerThread run
FINEST: client name: Иван Иванов
фев 10, 2015 4:54:56 PM com.luxoft.bankapp.dao.ClientDAOImpl findClientByName
INFO: Client found successful  ID 5 name: Mr.Иван Иванов email address :sfasf@df.com telephone : 234231 City: Dnepr Total balance: 90756.0 initial overdraft: 343411.0 Accounts: Checking Account{  ID 5 overdraft = 123214.0 Checking account Balance 90756.0}

фев 10, 2015 4:54:56 PM com.luxoft.bankapp.server.ServerThread sendMessage
FINEST:  server>You select ID 5 name: Mr.Иван Иванов email address :sfasf@df.com telephone : 234231 City: Dnepr Total balance: 90756.0 initial overdraft: 343411.0 Accounts: Checking Account{  ID 5 overdraft = 123214.0 Checking account Balance 90756.0}
Chose command you need: 
 to find client press => '0'
  to get Accounts and balances press => '1'
  to make Withdraw press => '2'
  to make Deposit press => '3'
  to make Transfer press => '4'
  to add Client press => '5'
  to remove Client press => '6'
 to exit  press => '7' or 'bye'
фев 10, 2015 4:54:56 PM com.luxoft.bankapp.server.ServerThread run
FINEST:  client> 2
фев 10, 2015 4:54:56 PM com.luxoft.bankapp.dao.AccountDAOImpl getClientAccounts
INFO: Client with ID 5 accounts  got from DB
фев 10, 2015 4:54:56 PM com.luxoft.bankapp.dao.AccountDAOImpl getClientAccounts
INFO: Client with ID 5 accounts  got from DB
фев 10, 2015 4:54:56 PM com.luxoft.bankapp.dao.AccountDAOImpl getAccountById
INFO: Account with ID 5 got from DB
фев 10, 2015 4:54:56 PM com.luxoft.bankapp.dao.AccountDAOImpl save
INFO: Account  5 saved 
фев 10, 2015 4:54:56 PM com.luxoft.bankapp.server.ServerThread sendMessage
FINEST:  server>bye
фев 10, 2015 4:54:56 PM com.luxoft.bankapp.server.ServerThread run
INFO:  Client working time : 17
фев 10, 2015 4:54:56 PM com.luxoft.bankapp.server.ServerThread run
INFO:  Client disconnect. 
фев 10, 2015 4:54:56 PM com.luxoft.bankapp.server.BankServerThreaded serve
INFO: Waiting for connection
фев 10, 2015 4:54:56 PM com.luxoft.bankapp.dao.BankDAOImpl getBankByName
INFO: Bank  was foundBank{id=1, name='My Bank'}
фев 10, 2015 4:54:56 PM com.luxoft.bankapp.server.ServerThread run
INFO: Connection received from Client 127.0.0.1
фев 10, 2015 4:54:56 PM com.luxoft.bankapp.server.ServerThread sendMessage
FINEST:  server>Input current client name: 
фев 10, 2015 4:54:56 PM com.luxoft.bankapp.server.ServerThread run
FINEST: client name: Иван Иванов
фев 10, 2015 4:54:56 PM com.luxoft.bankapp.dao.ClientDAOImpl findClientByName
INFO: Client found successful  ID 5 name: Mr.Иван Иванов email address :sfasf@df.com telephone : 234231 City: Dnepr Total balance: 90755.0 initial overdraft: 343411.0 Accounts: Checking Account{  ID 5 overdraft = 123214.0 Checking account Balance 90755.0}

фев 10, 2015 4:54:56 PM com.luxoft.bankapp.server.ServerThread sendMessage
FINEST:  server>You select ID 5 name: Mr.Иван Иванов email address :sfasf@df.com telephone : 234231 City: Dnepr Total balance: 90755.0 initial overdraft: 343411.0 Accounts: Checking Account{  ID 5 overdraft = 123214.0 Checking account Balance 90755.0}
Chose command you need: 
 to find client press => '0'
  to get Accounts and balances press => '1'
  to make Withdraw press => '2'
  to make Deposit press => '3'
  to make Transfer press => '4'
  to add Client press => '5'
  to remove Client press => '6'
 to exit  press => '7' or 'bye'
фев 10, 2015 4:54:56 PM com.luxoft.bankapp.server.ServerThread run
FINEST:  client> 2
фев 10, 2015 4:54:56 PM com.luxoft.bankapp.dao.AccountDAOImpl getClientAccounts
INFO: Client with ID 5 accounts  got from DB
фев 10, 2015 4:54:56 PM com.luxoft.bankapp.dao.AccountDAOImpl getClientAccounts
INFO: Client with ID 5 accounts  got from DB
фев 10, 2015 4:54:56 PM com.luxoft.bankapp.dao.AccountDAOImpl getAccountById
INFO: Account with ID 5 got from DB
фев 10, 2015 4:54:56 PM com.luxoft.bankapp.dao.AccountDAOImpl save
INFO: Account  5 saved 
фев 10, 2015 4:54:56 PM com.luxoft.bankapp.server.ServerThread sendMessage
FINEST:  server>bye
фев 10, 2015 4:54:56 PM com.luxoft.bankapp.server.ServerThread run
INFO:  Client working time : 12
фев 10, 2015 4:54:56 PM com.luxoft.bankapp.server.ServerThread run
INFO:  Client disconnect. 
фев 10, 2015 4:54:56 PM com.luxoft.bankapp.server.BankServerThreaded serve
INFO: Waiting for connection
фев 10, 2015 4:54:56 PM com.luxoft.bankapp.dao.BankDAOImpl getBankByName
INFO: Bank  was foundBank{id=1, name='My Bank'}
фев 10, 2015 4:54:56 PM com.luxoft.bankapp.server.ServerThread run
INFO: Connection received from Client 127.0.0.1
фев 10, 2015 4:54:56 PM com.luxoft.bankapp.server.ServerThread sendMessage
FINEST:  server>Input current client name: 
фев 10, 2015 4:54:56 PM com.luxoft.bankapp.server.ServerThread run
FINEST: client name: Иван Иванов
фев 10, 2015 4:54:56 PM com.luxoft.bankapp.dao.ClientDAOImpl findClientByName
INFO: Client found successful  ID 5 name: Mr.Иван Иванов email address :sfasf@df.com telephone : 234231 City: Dnepr Total balance: 90754.0 initial overdraft: 343411.0 Accounts: Checking Account{  ID 5 overdraft = 123214.0 Checking account Balance 90754.0}

фев 10, 2015 4:54:56 PM com.luxoft.bankapp.server.ServerThread sendMessage
FINEST:  server>You select ID 5 name: Mr.Иван Иванов email address :sfasf@df.com telephone : 234231 City: Dnepr Total balance: 90754.0 initial overdraft: 343411.0 Accounts: Checking Account{  ID 5 overdraft = 123214.0 Checking account Balance 90754.0}
Chose command you need: 
 to find client press => '0'
  to get Accounts and balances press => '1'
  to make Withdraw press => '2'
  to make Deposit press => '3'
  to make Transfer press => '4'
  to add Client press => '5'
  to remove Client press => '6'
 to exit  press => '7' or 'bye'
фев 10, 2015 4:54:56 PM com.luxoft.bankapp.server.ServerThread run
FINEST:  client> 2
фев 10, 2015 4:54:56 PM com.luxoft.bankapp.dao.AccountDAOImpl getClientAccounts
INFO: Client with ID 5 accounts  got from DB
фев 10, 2015 4:54:56 PM com.luxoft.bankapp.dao.AccountDAOImpl getClientAccounts
INFO: Client with ID 5 accounts  got from DB
фев 10, 2015 4:54:56 PM com.luxoft.bankapp.dao.AccountDAOImpl getAccountById
INFO: Account with ID 5 got from DB
фев 10, 2015 4:54:56 PM com.luxoft.bankapp.dao.AccountDAOImpl save
INFO: Account  5 saved 
фев 10, 2015 4:54:56 PM com.luxoft.bankapp.server.ServerThread sendMessage
FINEST:  server>bye
фев 10, 2015 4:54:56 PM com.luxoft.bankapp.server.ServerThread run
INFO:  Client working time : 12
фев 10, 2015 4:54:56 PM com.luxoft.bankapp.server.ServerThread run
INFO:  Client disconnect. 
фев 10, 2015 4:54:56 PM com.luxoft.bankapp.server.BankServerThreaded serve
INFO: Waiting for connection
фев 10, 2015 4:54:56 PM com.luxoft.bankapp.dao.BankDAOImpl getBankByName
INFO: Bank  was foundBank{id=1, name='My Bank'}
фев 10, 2015 4:54:56 PM com.luxoft.bankapp.server.ServerThread run
INFO: Connection received from Client 127.0.0.1
фев 10, 2015 4:54:56 PM com.luxoft.bankapp.server.ServerThread sendMessage
FINEST:  server>Input current client name: 
фев 10, 2015 4:54:56 PM com.luxoft.bankapp.server.ServerThread run
FINEST: client name: Иван Иванов
фев 10, 2015 4:54:56 PM com.luxoft.bankapp.dao.ClientDAOImpl findClientByName
INFO: Client found successful  ID 5 name: Mr.Иван Иванов email address :sfasf@df.com telephone : 234231 City: Dnepr Total balance: 90753.0 initial overdraft: 343411.0 Accounts: Checking Account{  ID 5 overdraft = 123214.0 Checking account Balance 90753.0}

фев 10, 2015 4:54:56 PM com.luxoft.bankapp.server.ServerThread sendMessage
FINEST:  server>You select ID 5 name: Mr.Иван Иванов email address :sfasf@df.com telephone : 234231 City: Dnepr Total balance: 90753.0 initial overdraft: 343411.0 Accounts: Checking Account{  ID 5 overdraft = 123214.0 Checking account Balance 90753.0}
Chose command you need: 
 to find client press => '0'
  to get Accounts and balances press => '1'
  to make Withdraw press => '2'
  to make Deposit press => '3'
  to make Transfer press => '4'
  to add Client press => '5'
  to remove Client press => '6'
 to exit  press => '7' or 'bye'
фев 10, 2015 4:54:56 PM com.luxoft.bankapp.server.ServerThread run
FINEST:  client> 2
фев 10, 2015 4:54:56 PM com.luxoft.bankapp.dao.AccountDAOImpl getClientAccounts
INFO: Client with ID 5 accounts  got from DB
фев 10, 2015 4:54:56 PM com.luxoft.bankapp.dao.AccountDAOImpl getClientAccounts
INFO: Client with ID 5 accounts  got from DB
фев 10, 2015 4:54:56 PM com.luxoft.bankapp.dao.AccountDAOImpl getAccountById
INFO: Account with ID 5 got from DB
фев 10, 2015 4:54:56 PM com.luxoft.bankapp.dao.AccountDAOImpl save
INFO: Account  5 saved 
фев 10, 2015 4:54:56 PM com.luxoft.bankapp.server.ServerThread sendMessage
FINEST:  server>bye
фев 10, 2015 4:54:56 PM com.luxoft.bankapp.server.ServerThread run
INFO:  Client working time : 11
фев 10, 2015 4:54:56 PM com.luxoft.bankapp.server.ServerThread run
INFO:  Client disconnect. 
фев 10, 2015 4:54:56 PM com.luxoft.bankapp.server.BankServerThreaded serve
INFO: Waiting for connection
фев 10, 2015 4:54:56 PM com.luxoft.bankapp.dao.BankDAOImpl getBankByName
INFO: Bank  was foundBank{id=1, name='My Bank'}
фев 10, 2015 4:54:56 PM com.luxoft.bankapp.server.ServerThread run
INFO: Connection received from Client 127.0.0.1
фев 10, 2015 4:54:56 PM com.luxoft.bankapp.server.ServerThread sendMessage
FINEST:  server>Input current client name: 
фев 10, 2015 4:54:56 PM com.luxoft.bankapp.server.ServerThread run
FINEST: client name: Иван Иванов
фев 10, 2015 4:54:56 PM com.luxoft.bankapp.dao.ClientDAOImpl findClientByName
INFO: Client found successful  ID 5 name: Mr.Иван Иванов email address :sfasf@df.com telephone : 234231 City: Dnepr Total balance: 90752.0 initial overdraft: 343411.0 Accounts: Checking Account{  ID 5 overdraft = 123214.0 Checking account Balance 90752.0}

фев 10, 2015 4:54:56 PM com.luxoft.bankapp.server.ServerThread sendMessage
FINEST:  server>You select ID 5 name: Mr.Иван Иванов email address :sfasf@df.com telephone : 234231 City: Dnepr Total balance: 90752.0 initial overdraft: 343411.0 Accounts: Checking Account{  ID 5 overdraft = 123214.0 Checking account Balance 90752.0}
Chose command you need: 
 to find client press => '0'
  to get Accounts and balances press => '1'
  to make Withdraw press => '2'
  to make Deposit press => '3'
  to make Transfer press => '4'
  to add Client press => '5'
  to remove Client press => '6'
 to exit  press => '7' or 'bye'
фев 10, 2015 4:54:56 PM com.luxoft.bankapp.server.ServerThread run
FINEST:  client> 2
фев 10, 2015 4:54:56 PM com.luxoft.bankapp.dao.AccountDAOImpl getClientAccounts
INFO: Client with ID 5 accounts  got from DB
фев 10, 2015 4:54:56 PM com.luxoft.bankapp.dao.AccountDAOImpl getClientAccounts
INFO: Client with ID 5 accounts  got from DB
фев 10, 2015 4:54:56 PM com.luxoft.bankapp.dao.AccountDAOImpl getAccountById
INFO: Account with ID 5 got from DB
фев 10, 2015 4:54:56 PM com.luxoft.bankapp.dao.AccountDAOImpl save
INFO: Account  5 saved 
фев 10, 2015 4:54:56 PM com.luxoft.bankapp.server.ServerThread sendMessage
FINEST:  server>bye
фев 10, 2015 4:54:56 PM com.luxoft.bankapp.server.ServerThread run
INFO:  Client working time : 11
фев 10, 2015 4:54:56 PM com.luxoft.bankapp.server.ServerThread run
INFO:  Client disconnect. 
фев 10, 2015 4:57:34 PM com.luxoft.bankapp.server.BankServerThreaded serve
INFO: Waiting for connection
фев 10, 2015 4:57:52 PM com.luxoft.bankapp.server.BankServerThreaded serve
INFO: Waiting for connection
фев 10, 2015 4:57:53 PM com.luxoft.bankapp.dao.BankDAOImpl getBankByName
INFO: Bank  was foundBank{id=1, name='My Bank'}
фев 10, 2015 4:57:53 PM com.luxoft.bankapp.server.ServerThread run
INFO: Connection received from Client 127.0.0.1
фев 10, 2015 4:57:53 PM com.luxoft.bankapp.server.ServerThread sendMessage
FINEST:  server>Input current client name: 
фев 10, 2015 4:57:59 PM com.luxoft.bankapp.server.ServerThread run
FINEST: client name: Nana
фев 10, 2015 4:57:59 PM com.luxoft.bankapp.dao.ClientDAOImpl findClientByName
INFO: Client found successful  ID 2 name: Ms.Nana email address :aasdas@dsf.com telephone : 31221334 City: Forh Total balance: 154577.0 initial overdraft: 1500000.0 Accounts: Checking Account{  ID 2 overdraft = 50023.0 Checking account Balance 154577.0}

фев 10, 2015 4:57:59 PM com.luxoft.bankapp.server.ServerThread sendMessage
FINEST:  server>You select ID 2 name: Ms.Nana email address :aasdas@dsf.com telephone : 31221334 City: Forh Total balance: 154577.0 initial overdraft: 1500000.0 Accounts: Checking Account{  ID 2 overdraft = 50023.0 Checking account Balance 154577.0}
Chose command you need: 
 to find client press => '0'
  to get Accounts and balances press => '1'
  to make Withdraw press => '2'
  to make Deposit press => '3'
  to make Transfer press => '4'
  to add Client press => '5'
  to remove Client press => '6'
 to exit  press => '7' or 'bye'
фев 10, 2015 4:58:05 PM com.luxoft.bankapp.server.ServerThread run
FINEST:  client> 2
фев 10, 2015 4:58:05 PM com.luxoft.bankapp.dao.AccountDAOImpl getClientAccounts
INFO: Client with ID 2 accounts  got from DB
фев 10, 2015 4:58:05 PM com.luxoft.bankapp.dao.AccountDAOImpl getClientAccounts
INFO: Client with ID 2 accounts  got from DB
фев 10, 2015 4:58:07 PM com.luxoft.bankapp.dao.AccountDAOImpl getAccountById
INFO: Account with ID 2 got from DB
фев 10, 2015 4:58:18 PM com.luxoft.bankapp.dao.AccountDAOImpl save
INFO: Account  2 saved 
фев 10, 2015 4:58:19 PM com.luxoft.bankapp.server.ServerThread sendMessage
FINEST:  server>You select ID 2 name: Ms.Nana email address :aasdas@dsf.com telephone : 31221334 City: Forh Total balance: 154577.0 initial overdraft: 1500000.0 Accounts: Checking Account{  ID 2 overdraft = 50023.0 Checking account Balance 154577.0}
Chose command you need: 
 to find client press => '0'
  to get Accounts and balances press => '1'
  to make Withdraw press => '2'
  to make Deposit press => '3'
  to make Transfer press => '4'
  to add Client press => '5'
  to remove Client press => '6'
 to exit  press => '7' or 'bye'
фев 10, 2015 4:58:25 PM com.luxoft.bankapp.server.ServerThread run
FINEST:  client> 1
фев 10, 2015 4:58:25 PM com.luxoft.bankapp.dao.AccountDAOImpl getClientAccounts
INFO: Client with ID 2 accounts  got from DB
фев 10, 2015 4:58:25 PM com.luxoft.bankapp.dao.AccountDAOImpl getClientAccounts
INFO: Client with ID 2 accounts  got from DB
фев 10, 2015 4:58:40 PM com.luxoft.bankapp.server.ServerThread sendMessage
FINEST:  server>You select ID 2 name: Ms.Nana email address :aasdas@dsf.com telephone : 31221334 City: Forh Total balance: 154577.0 initial overdraft: 1500000.0 Accounts: Checking Account{  ID 2 overdraft = 50023.0 Checking account Balance 154577.0}
Chose command you need: 
 to find client press => '0'
  to get Accounts and balances press => '1'
  to make Withdraw press => '2'
  to make Deposit press => '3'
  to make Transfer press => '4'
  to add Client press => '5'
  to remove Client press => '6'
 to exit  press => '7' or 'bye'
фев 10, 2015 4:58:44 PM com.luxoft.bankapp.server.ServerThread run
FINEST:  client> 3
фев 10, 2015 4:58:44 PM com.luxoft.bankapp.dao.AccountDAOImpl getClientAccounts
INFO: Client with ID 2 accounts  got from DB
фев 10, 2015 4:58:44 PM com.luxoft.bankapp.dao.AccountDAOImpl getClientAccounts
INFO: Client with ID 2 accounts  got from DB
фев 10, 2015 4:58:52 PM com.luxoft.bankapp.dao.AccountDAOImpl getAccountById
INFO: Account with ID 2 got from DB
фев 10, 2015 4:58:57 PM com.luxoft.bankapp.dao.AccountDAOImpl save
INFO: Account  2 saved 
фев 10, 2015 4:58:58 PM com.luxoft.bankapp.server.ServerThread sendMessage
FINEST:  server>You select ID 2 name: Ms.Nana email address :aasdas@dsf.com telephone : 31221334 City: Forh Total balance: 154577.0 initial overdraft: 1500000.0 Accounts: Checking Account{  ID 2 overdraft = 50023.0 Checking account Balance 154577.0}
Chose command you need: 
 to find client press => '0'
  to get Accounts and balances press => '1'
  to make Withdraw press => '2'
  to make Deposit press => '3'
  to make Transfer press => '4'
  to add Client press => '5'
  to remove Client press => '6'
 to exit  press => '7' or 'bye'
фев 10, 2015 4:59:05 PM com.luxoft.bankapp.server.ServerThread run
FINEST:  client> 1
фев 10, 2015 4:59:05 PM com.luxoft.bankapp.dao.AccountDAOImpl getClientAccounts
INFO: Client with ID 2 accounts  got from DB
фев 10, 2015 4:59:05 PM com.luxoft.bankapp.dao.AccountDAOImpl getClientAccounts
INFO: Client with ID 2 accounts  got from DB
фев 10, 2015 4:59:19 PM com.luxoft.bankapp.server.ServerThread sendMessage
FINEST:  server>You select ID 2 name: Ms.Nana email address :aasdas@dsf.com telephone : 31221334 City: Forh Total balance: 154577.0 initial overdraft: 1500000.0 Accounts: Checking Account{  ID 2 overdraft = 50023.0 Checking account Balance 154577.0}
Chose command you need: 
 to find client press => '0'
  to get Accounts and balances press => '1'
  to make Withdraw press => '2'
  to make Deposit press => '3'
  to make Transfer press => '4'
  to add Client press => '5'
  to remove Client press => '6'
 to exit  press => '7' or 'bye'
фев 10, 2015 4:59:27 PM com.luxoft.bankapp.server.ServerThread run
FINEST:  client> 4
фев 10, 2015 4:59:27 PM com.luxoft.bankapp.dao.AccountDAOImpl getClientAccounts
INFO: Client with ID 2 accounts  got from DB
фев 10, 2015 4:59:27 PM com.luxoft.bankapp.dao.AccountDAOImpl getClientAccounts
INFO: Client with ID 2 accounts  got from DB
фев 10, 2015 4:59:42 PM com.luxoft.bankapp.dao.AccountDAOImpl getAccountById
INFO: Account with ID 2 got from DB
фев 10, 2015 4:59:58 PM com.luxoft.bankapp.dao.ClientDAOImpl findClientByName
INFO: Client found successful  ID 1 name: Mr.Maradonna email address :asdas@gg.com telephone : 3454534 City: York Total balance: 104550.0 initial overdraft: 10000.0 Accounts: Saving Account{  ID 1 Saving account Balance 104550.0}

фев 10, 2015 4:59:58 PM com.luxoft.bankapp.dao.AccountDAOImpl getClientAccounts
INFO: Client with ID 1 accounts  got from DB
фев 10, 2015 4:59:58 PM com.luxoft.bankapp.dao.AccountDAOImpl getClientAccounts
INFO: Client with ID 1 accounts  got from DB
фев 10, 2015 5:00:01 PM com.luxoft.bankapp.dao.AccountDAOImpl getAccountById
INFO: Account with ID 1 got from DB
фев 10, 2015 5:00:01 PM com.luxoft.bankapp.dao.AccountDAOImpl transfer
INFO:  Transfer successful 
фев 10, 2015 5:00:05 PM com.luxoft.bankapp.server.ServerThread sendMessage
FINEST:  server>You select ID 2 name: Ms.Nana email address :aasdas@dsf.com telephone : 31221334 City: Forh Total balance: 154577.0 initial overdraft: 1500000.0 Accounts: Checking Account{  ID 2 overdraft = 50023.0 Checking account Balance 154577.0}
Chose command you need: 
 to find client press => '0'
  to get Accounts and balances press => '1'
  to make Withdraw press => '2'
  to make Deposit press => '3'
  to make Transfer press => '4'
  to add Client press => '5'
  to remove Client press => '6'
 to exit  press => '7' or 'bye'
фев 10, 2015 5:00:14 PM com.luxoft.bankapp.server.ServerThread run
FINEST:  client> 7
фев 10, 2015 5:00:14 PM com.luxoft.bankapp.server.ServerThread sendMessage
FINEST:  server>bye
фев 10, 2015 5:00:14 PM com.luxoft.bankapp.server.ServerThread sendMessage
FINEST:  server>bye
фев 10, 2015 5:00:14 PM com.luxoft.bankapp.server.ServerThread run
INFO:  Client working time : 141276
фев 10, 2015 5:00:14 PM com.luxoft.bankapp.server.ServerThread run
INFO:  Client disconnect. 
